2025-10-15 09:57:24,459 - INFO - 浏览器驱动初始化成功
2025-10-15 09:57:26,588 - INFO - 浏览器已关闭
2025-10-15 09:57:57,978 - INFO - 浏览器驱动初始化成功
2025-10-15 09:58:04,125 - INFO - 访问登录页面: http://bbs.zelostech.com.cn/member.php?mod=logging&action=login
2025-10-15 09:58:07,248 - INFO - 当前页面标题: 登录 - Zelos Board - Powered by Discuz!
2025-10-15 09:58:07,251 - INFO - 当前页面URL: http://bbs.zelostech.com.cn/member.php?mod=logging&action=login
2025-10-15 09:58:07,260 - INFO - 找到用户名输入框: name=username
2025-10-15 09:58:07,303 - INFO - 找到密码输入框: name=password
2025-10-15 09:58:07,303 - INFO - 输入用户名: syt89
2025-10-15 09:58:07,352 - INFO - 输入密码
2025-10-15 09:58:07,436 - INFO - 已处理安全提问字段
2025-10-15 09:58:07,444 - INFO - 找到登录按钮: name=loginsubmit
2025-10-15 09:58:07,444 - INFO - 点击登录按钮
2025-10-15 09:58:12,485 - INFO - 登录后页面标题: 登录 - Zelos Board - Powered by Discuz!
2025-10-15 09:58:12,488 - INFO - 登录后页面URL: http://bbs.zelostech.com.cn/member.php?mod=logging&action=login
2025-10-15 09:58:12,491 - ERROR - 未找到登录成功标识
2025-10-15 09:58:12,491 - ERROR - 找到错误信息: 密码错误
2025-10-15 09:58:14,666 - INFO - 浏览器已关闭
2025-10-15 09:58:46,611 - INFO - 浏览器驱动初始化成功
2025-10-15 09:58:52,764 - INFO - 访问登录页面: http://bbs.zelostech.com.cn/member.php?mod=logging&action=login
2025-10-15 09:58:55,913 - INFO - 当前页面标题: 登录 - Zelos Board - Powered by Discuz!
2025-10-15 09:58:55,917 - INFO - 当前页面URL: http://bbs.zelostech.com.cn/member.php?mod=logging&action=login
2025-10-15 09:58:55,928 - INFO - 找到用户名输入框: name=username
2025-10-15 09:58:55,938 - INFO - 找到密码输入框: name=password
2025-10-15 09:58:55,938 - INFO - 输入用户名: yurisun
2025-10-15 09:58:56,023 - INFO - 输入密码
2025-10-15 09:58:56,136 - INFO - 已处理安全提问字段
2025-10-15 09:58:56,145 - INFO - 找到登录按钮: name=loginsubmit
2025-10-15 09:58:56,145 - INFO - 点击登录按钮
2025-10-15 09:59:01,190 - INFO - 登录后页面标题: 登录 - Zelos Board - Powered by Discuz!
2025-10-15 09:59:01,193 - INFO - 登录后页面URL: http://bbs.zelostech.com.cn/member.php?mod=logging&action=login
2025-10-15 09:59:01,196 - ERROR - 未找到登录成功标识
2025-10-15 09:59:01,196 - ERROR - 找到错误信息: 密码错误
2025-10-15 09:59:03,335 - INFO - 浏览器已关闭
