2025-10-15 09:48:46,548 - INFO - 浏览器驱动初始化成功
2025-10-15 09:48:52,881 - ERROR - 登录失败
2025-10-15 09:48:55,034 - INFO - 浏览器已关闭
2025-10-15 09:51:14,571 - INFO - 浏览器驱动初始化成功
2025-10-15 09:51:20,918 - ERROR - 登录失败
2025-10-15 09:51:23,067 - INFO - 浏览器已关闭
2025-10-15 09:52:48,773 - INFO - 浏览器驱动初始化成功
2025-10-15 09:52:55,073 - ERROR - 登录失败
2025-10-15 09:52:57,216 - INFO - 浏览器已关闭
2025-10-15 09:56:31,480 - INFO - 浏览器驱动初始化成功
2025-10-15 09:56:31,480 - INFO - 访问登录页面: http://bbs.zelostech.com.cn/member.php?mod=logging&action=login
2025-10-15 09:56:37,642 - INFO - 当前页面标题: 登录 - Zelos Board - Powered by Discuz!
2025-10-15 09:56:37,645 - INFO - 当前页面URL: http://bbs.zelostech.com.cn/member.php?mod=logging&action=login
2025-10-15 09:56:37,654 - INFO - 找到用户名输入框: name=username
2025-10-15 09:56:37,660 - INFO - 找到密码输入框: name=password
2025-10-15 09:56:37,660 - INFO - 输入用户名: syt89
2025-10-15 09:56:37,709 - INFO - 输入密码
2025-10-15 09:56:37,912 - INFO - 已处理安全提问字段
2025-10-15 09:56:37,920 - INFO - 找到登录按钮: name=loginsubmit
2025-10-15 09:56:37,920 - INFO - 点击登录按钮
2025-10-15 09:56:42,959 - INFO - 登录后页面标题: 登录 - Zelos Board - Powered by Discuz!
2025-10-15 09:56:42,962 - INFO - 登录后页面URL: http://bbs.zelostech.com.cn/member.php?mod=logging&action=login
2025-10-15 09:56:42,964 - ERROR - 未找到登录成功标识
2025-10-15 09:56:42,964 - ERROR - 找到错误信息: 密码错误
2025-10-15 09:56:45,134 - INFO - 浏览器已关闭
2025-10-15 09:59:33,305 - INFO - 浏览器驱动初始化成功
2025-10-15 09:59:33,305 - INFO - 访问登录页面: http://bbs.zelostech.com.cn/member.php?mod=logging&action=login
2025-10-15 09:59:39,478 - INFO - 当前页面标题: 登录 - Zelos Board - Powered by Discuz!
2025-10-15 09:59:39,484 - INFO - 当前页面URL: http://bbs.zelostech.com.cn/member.php?mod=logging&action=login
2025-10-15 09:59:39,510 - INFO - 找到用户名输入框: name=username
2025-10-15 09:59:39,518 - INFO - 找到密码输入框: name=password
2025-10-15 09:59:39,518 - INFO - 输入用户名: yurisun
2025-10-15 09:59:39,568 - INFO - 输入密码
2025-10-15 09:59:39,653 - INFO - 已处理安全提问字段
2025-10-15 09:59:39,662 - INFO - 找到登录按钮: name=loginsubmit
2025-10-15 09:59:39,662 - INFO - 点击登录按钮
2025-10-15 09:59:44,704 - INFO - 登录后页面标题: 登录 - Zelos Board - Powered by Discuz!
2025-10-15 09:59:44,707 - INFO - 登录后页面URL: http://bbs.zelostech.com.cn/member.php?mod=logging&action=login
2025-10-15 09:59:44,711 - ERROR - 未找到登录成功标识
2025-10-15 09:59:44,712 - ERROR - 找到错误信息: 密码错误
2025-10-15 09:59:46,877 - INFO - 浏览器已关闭
