2025-10-24 14:39:16,722 - INFO - 启动多账户定时回复任务
2025-10-24 14:39:16,723 - INFO - 找到 1 个启用的账户
2025-10-24 14:39:16,723 - INFO - 账户 yurisun 有 1 个启用的回复目标
2025-10-24 14:39:16,724 - INFO - 启动账户 account_1 的目标 target_1，间隔 2222 秒
2025-10-24 14:44:16,886 - WARNING - There was an error managing chromedriver (error decoding response body); using driver found in the cache
2025-10-24 14:44:18,312 - INFO - 账户 account_1 浏览器驱动初始化成功
2025-10-24 14:44:18,312 - INFO - 账户 account_1 开始登录: yurisun
2025-10-24 14:44:24,557 - INFO - 账户 account_1 找到用户名输入框: name=username
2025-10-24 14:44:24,584 - INFO - 账户 account_1 找到密码输入框: name=password
2025-10-24 14:44:24,585 - INFO - 账户 account_1 输入用户名: yurisun
2025-10-24 14:44:24,666 - INFO - 账户 account_1 输入密码
2025-10-24 14:44:24,820 - INFO - 账户 account_1 处理安全提问字段
2025-10-24 14:44:24,831 - INFO - 账户 account_1 找到登录按钮: name=loginsubmit
2025-10-24 14:44:24,832 - INFO - 账户 account_1 点击登录按钮
2025-10-24 14:44:29,895 - INFO - 账户 account_1 登录成功，找到指示器: 欢迎
2025-10-24 14:44:29,895 - INFO - 账户 account_1 登录成功
2025-10-24 14:44:29,895 - INFO - 账户 account_1 访问目标帖子: http://bbs.zelostech.com.cn/forum.php?mod=viewthread&tid=37
2025-10-24 14:44:34,275 - INFO - 账户 account_1 成功发布回复 #1: 希腊掌管金币神赐我金币
2025-10-24 14:52:16,326 - INFO - 收到停止信号
2025-10-24 14:52:29,643 - INFO - 启动多账户定时回复任务
2025-10-24 14:52:29,644 - INFO - 找到 1 个启用的账户
2025-10-24 14:52:29,644 - INFO - 账户 yurisun 有 1 个启用的回复目标
2025-10-24 14:52:29,645 - INFO - 启动账户 account_1 的目标 target_1，间隔 2222 秒
2025-10-24 14:56:25,893 - INFO - 启动多账户定时回复任务
2025-10-24 14:56:25,893 - INFO - 找到 1 个启用的账户
2025-10-24 14:56:25,893 - INFO - 账户 yurisun 有 2 个启用的回复目标
2025-10-24 14:56:25,895 - INFO - 启动账户 account_1 的目标 target_1，间隔 2222 秒
2025-10-24 14:56:25,895 - INFO - 启动账户 account_1 的目标 target_2，间隔 3333 秒
2025-10-24 14:59:04,681 - INFO - 启动多账户定时回复任务
2025-10-24 14:59:04,681 - INFO - 找到 1 个启用的账户
2025-10-24 14:59:04,681 - INFO - 账户 yurisun 有 2 个启用的回复目标
2025-10-24 14:59:04,683 - INFO - 启动账户 account_1 的目标 target_1，间隔 2222 秒，延迟 0 秒
2025-10-24 14:59:04,683 - INFO - 启动账户 account_1 的目标 target_2，间隔 3333 秒，延迟 30 秒
2025-10-24 14:59:06,107 - INFO - 账户 account_1 浏览器驱动初始化成功
2025-10-24 14:59:06,107 - INFO - 账户 account_1 开始登录: yurisun
2025-10-24 14:59:06,146 - INFO - 账户 account_1 浏览器驱动初始化成功
2025-10-24 14:59:06,146 - INFO - 账户 account_1 开始登录: yurisun
2025-10-24 14:59:12,245 - INFO - 账户 account_1 找到用户名输入框: name=username
2025-10-24 14:59:12,278 - INFO - 账户 account_1 找到密码输入框: name=password
2025-10-24 14:59:12,278 - INFO - 账户 account_1 输入用户名: yurisun
2025-10-24 14:59:12,302 - INFO - 账户 account_1 找到用户名输入框: name=username
2025-10-24 14:59:12,312 - INFO - 账户 account_1 找到密码输入框: name=password
2025-10-24 14:59:12,313 - INFO - 账户 account_1 输入用户名: yurisun
2025-10-24 14:59:12,343 - INFO - 账户 account_1 输入密码
2025-10-24 14:59:12,387 - INFO - 账户 account_1 输入密码
2025-10-24 14:59:12,503 - INFO - 账户 account_1 处理安全提问字段
2025-10-24 14:59:12,520 - INFO - 账户 account_1 找到登录按钮: name=loginsubmit
2025-10-24 14:59:12,520 - INFO - 账户 account_1 点击登录按钮
2025-10-24 14:59:12,537 - INFO - 账户 account_1 处理安全提问字段
2025-10-24 14:59:12,547 - INFO - 账户 account_1 找到登录按钮: name=loginsubmit
2025-10-24 14:59:12,547 - INFO - 账户 account_1 点击登录按钮
2025-10-24 14:59:17,597 - INFO - 账户 account_1 登录成功，找到指示器: 欢迎
2025-10-24 14:59:17,597 - INFO - 账户 account_1 登录成功
2025-10-24 14:59:17,597 - INFO - 账户 account_1 访问目标帖子: http://bbs.zelostech.com.cn/forum.php?mod=viewthread&tid=37
2025-10-24 14:59:17,619 - INFO - 账户 account_1 登录成功，找到指示器: 欢迎
2025-10-24 14:59:17,619 - INFO - 账户 account_1 登录成功
2025-10-24 14:59:17,619 - INFO - 账户 account_1 目标 target_2 延迟 30 秒后开始
2025-10-24 14:59:21,947 - INFO - 账户 account_1 成功发布回复 #1: 希腊掌管金币神赐我金币
2025-10-24 14:59:47,685 - INFO - 账户 account_1 访问目标帖子: http://bbs.zelostech.com.cn/forum.php?mod=viewthread&tid=7&extra=page%3D1
2025-10-24 14:59:52,375 - INFO - 账户 account_1 成功发布回复 #2: 庄sir发红包+ 2025-10-24 14:59:50
2025-10-24 15:09:56,125 - INFO - 收到停止信号
2025-10-24 15:10:07,139 - INFO - 启动多账户定时回复任务
2025-10-24 15:10:07,140 - INFO - 找到 2 个启用的账户
2025-10-24 15:10:07,140 - INFO - 账户 yurisun 有 2 个启用的回复目标
2025-10-24 15:10:07,142 - INFO - 启动账户 account_1 的目标 target_1，间隔 2222 秒，延迟 0 秒
2025-10-24 15:10:07,142 - INFO - 启动账户 account_1 的目标 target_2，间隔 3333 秒，延迟 30 秒
2025-10-24 15:10:07,143 - INFO - 账户 孙玉铤 有 2 个启用的回复目标
2025-10-24 15:10:07,144 - INFO - 启动账户 account_2 的目标 target_1，间隔 2222 秒，延迟 60 秒
2025-10-24 15:10:07,145 - INFO - 启动账户 account_2 的目标 target_2，间隔 3333 秒，延迟 120 秒
2025-10-24 15:10:09,409 - INFO - 账户 account_1 浏览器驱动初始化成功
2025-10-24 15:10:09,413 - INFO - 账户 account_1 开始登录: yurisun
2025-10-24 15:10:09,422 - INFO - 账户 account_2 浏览器驱动初始化成功
2025-10-24 15:10:09,422 - INFO - 账户 account_2 开始登录: 孙玉铤
2025-10-24 15:10:09,464 - INFO - 账户 account_1 浏览器驱动初始化成功
2025-10-24 15:10:09,465 - INFO - 账户 account_1 开始登录: yurisun
2025-10-24 15:10:09,509 - INFO - 账户 account_2 浏览器驱动初始化成功
2025-10-24 15:10:09,509 - INFO - 账户 account_2 开始登录: 孙玉铤
2025-10-24 15:10:15,909 - INFO - 账户 account_2 找到用户名输入框: name=username
2025-10-24 15:10:15,934 - INFO - 账户 account_2 找到密码输入框: name=password
2025-10-24 15:10:15,935 - INFO - 账户 account_2 输入用户名: 孙玉铤
2025-10-24 15:10:15,956 - INFO - 账户 account_1 找到用户名输入框: name=username
2025-10-24 15:10:15,980 - INFO - 账户 account_1 找到密码输入框: name=password
2025-10-24 15:10:15,981 - INFO - 账户 account_1 输入用户名: yurisun
2025-10-24 15:10:16,081 - INFO - 账户 account_2 输入密码
2025-10-24 15:10:16,128 - INFO - 账户 account_1 输入密码
2025-10-24 15:10:16,370 - INFO - 账户 account_2 处理安全提问字段
2025-10-24 15:10:16,393 - INFO - 账户 account_2 找到登录按钮: name=loginsubmit
2025-10-24 15:10:16,394 - INFO - 账户 account_2 点击登录按钮
2025-10-24 15:10:16,409 - INFO - 账户 account_1 处理安全提问字段
2025-10-24 15:10:16,448 - INFO - 账户 account_1 找到登录按钮: name=loginsubmit
2025-10-24 15:10:16,449 - INFO - 账户 account_1 点击登录按钮
2025-10-24 15:10:17,630 - INFO - 账户 account_2 找到用户名输入框: name=username
2025-10-24 15:10:17,639 - INFO - 账户 account_2 找到密码输入框: name=password
2025-10-24 15:10:17,639 - INFO - 账户 account_2 输入用户名: 孙玉铤
2025-10-24 15:10:17,711 - INFO - 账户 account_2 输入密码
2025-10-24 15:10:17,798 - INFO - 账户 account_1 找到用户名输入框: name=username
2025-10-24 15:10:17,806 - INFO - 账户 account_1 找到密码输入框: name=password
2025-10-24 15:10:17,807 - INFO - 账户 account_1 输入用户名: yurisun
2025-10-24 15:10:17,836 - INFO - 账户 account_2 处理安全提问字段
2025-10-24 15:10:17,843 - INFO - 账户 account_2 找到登录按钮: name=loginsubmit
2025-10-24 15:10:17,844 - INFO - 账户 account_2 点击登录按钮
2025-10-24 15:10:17,862 - INFO - 账户 account_1 输入密码
2025-10-24 15:10:17,975 - INFO - 账户 account_1 处理安全提问字段
2025-10-24 15:10:17,996 - INFO - 账户 account_1 找到登录按钮: name=loginsubmit
2025-10-24 15:10:17,996 - INFO - 账户 account_1 点击登录按钮
2025-10-24 15:10:21,514 - INFO - 账户 account_2 登录成功，找到指示器: 欢迎
2025-10-24 15:10:21,515 - INFO - 账户 account_2 登录成功
2025-10-24 15:10:21,515 - INFO - 账户 account_2 目标 target_2 延迟 120 秒后开始
2025-10-24 15:10:21,572 - INFO - 账户 account_1 登录成功，找到指示器: 欢迎
2025-10-24 15:10:21,572 - INFO - 账户 account_1 登录成功
2025-10-24 15:10:21,573 - INFO - 账户 account_1 目标 target_2 延迟 30 秒后开始
2025-10-24 15:10:22,901 - INFO - 账户 account_2 登录成功，找到指示器: 欢迎
2025-10-24 15:10:22,902 - INFO - 账户 account_2 登录成功
2025-10-24 15:10:22,903 - INFO - 账户 account_2 目标 target_1 延迟 60 秒后开始
2025-10-24 15:10:23,053 - INFO - 账户 account_1 登录成功，找到指示器: 欢迎
2025-10-24 15:10:23,054 - INFO - 账户 account_1 登录成功
2025-10-24 15:10:23,054 - INFO - 账户 account_1 访问目标帖子: http://bbs.zelostech.com.cn/forum.php?mod=viewthread&tid=37
2025-10-24 15:10:27,585 - INFO - 账户 account_1 成功发布回复 #1: 希腊掌管金币神赐我金币2
2025-10-24 15:10:51,660 - INFO - 账户 account_1 访问目标帖子: http://bbs.zelostech.com.cn/forum.php?mod=viewthread&tid=7&extra=page%3D1
2025-10-24 15:10:56,302 - INFO - 账户 account_1 成功发布回复 #2: 庄sir发红包+ 2025-10-24 15:10:53
2025-10-24 15:11:23,207 - INFO - 账户 account_2 访问目标帖子: http://bbs.zelostech.com.cn/forum.php?mod=viewthread&tid=37
2025-10-24 15:11:27,831 - INFO - 账户 account_2 成功发布回复 #1: 希腊掌管金币神 赐我金币
2025-10-24 15:12:21,925 - INFO - 账户 account_2 访问目标帖子: http://bbs.zelostech.com.cn/forum.php?mod=viewthread&tid=7&extra=page%3D1
2025-10-24 15:12:26,821 - INFO - 账户 account_2 成功发布回复 #2: 庄sir发红包
